#
# There is insufficient memory for the Java Runtime Environment to continue.
# Native memory allocation (mmap) failed to map 201326592 bytes. Error detail: G1 virtual space
# Possible reasons:
#   The system is out of physical RAM or swap space
#   This process is running with CompressedOops enabled, and the Java Heap may be blocking the growth of the native heap
# Possible solutions:
#   Reduce memory load on the system
#   Increase physical memory or swap space
#   Check if swap backing store is full
#   Decrease Java heap size (-Xmx/-Xms)
#   Decrease number of Java threads
#   Decrease Java thread stack sizes (-Xss)
#   Set larger code cache with -XX:ReservedCodeCacheSize=
#   JVM is running with Zero Based Compressed Oops mode in which the Java heap is
#     placed in the first 32GB address space. The Java Heap base address is the
#     maximum limit for the native heap growth. Please use -XX:HeapBaseMinAddress
#     to set the Java Heap base and to place the Java Heap above 32GB virtual address.
# This output file may be truncated or incomplete.
#
#  Out of Memory Error (os_windows.cpp:3703), pid=21580, tid=22844
#
# JRE version:  (23.0.1+11) (build )
# Java VM: Java HotSpot(TM) 64-Bit Server VM (23.0.1+11-39, mixed mode, sharing, tiered, compressed oops, compressed class ptrs, g1 gc, windows-amd64)
# No core dump will be written. Minidumps are not enabled by default on client versions of Windows
#

---------------  S U M M A R Y ------------

Command Line: -Dfile.encoding=UTF-8 --module-path=C:\Users\Dell\OneDrive\Documents\NetBeansProjects\UniversityManagementSystem\build\classes universitymanagementsystem.Project

Host: Intel(R) Core(TM) i3-8145U CPU @ 2.10GHz, 4 cores, 11G,  Windows 11 , 64 bit Build 26100 (10.0.26100.2454)
Time: Fri Jan 10 16:49:03 2025 Sri Lanka Standard Time elapsed time: 0.032366 seconds (0d 0h 0m 0s)

---------------  T H R E A D  ---------------

Current thread (0x0000027f9b56f880):  JavaThread "Unknown thread" [_thread_in_vm, id=22844, stack(0x0000009e5e700000,0x0000009e5e800000) (1024K)]

Stack: [0x0000009e5e700000,0x0000009e5e800000]
Native frames: (J=compiled Java code, j=interpreted, Vv=VM code, C=native code)
V  [jvm.dll+0x6e08b9]  (no source info available)
V  [jvm.dll+0x87dc83]  (no source info available)
V  [jvm.dll+0x88010e]  (no source info available)
V  [jvm.dll+0x8807e3]  (no source info available)
V  [jvm.dll+0x27aee6]  (no source info available)
V  [jvm.dll+0x6dd1c5]  (no source info available)
V  [jvm.dll+0x6d104a]  (no source info available)
V  [jvm.dll+0x35b3ea]  (no source info available)
V  [jvm.dll+0x3637f6]  (no source info available)
V  [jvm.dll+0x34fd5e]  (no source info available)
V  [jvm.dll+0x34fff8]  (no source info available)
V  [jvm.dll+0x3289cc]  (no source info available)
V  [jvm.dll+0x32966e]  (no source info available)
V  [jvm.dll+0x844355]  (no source info available)
V  [jvm.dll+0x3b9848]  (no source info available)
V  [jvm.dll+0x82d14c]  (no source info available)
V  [jvm.dll+0x454d4e]  (no source info available)
V  [jvm.dll+0x456bd1]  (no source info available)
C  [jli.dll+0x52a3]  (no source info available)
C  [ucrtbase.dll+0x14ea0]  (no source info available)
C  [KERNEL32.DLL+0x2e8d7]  (no source info available)
C  [ntdll.dll+0xdfbcc]  (no source info available)

Lock stack of current Java thread (top to bottom):


---------------  P R O C E S S  ---------------

Threads class SMR info:
_java_thread_list=0x00007ffee0e53618, length=0, elements={
}

Java Threads: ( => current thread )
Total: 0

Other Threads:
  0x0000027f9b5bda90 WorkerThread "GC Thread#0"                     [id=9536, stack(0x0000009e5e800000,0x0000009e5e900000) (1024K)]
  0x0000027f9b5ce600 ConcurrentGCThread "G1 Main Marker"            [id=6352, stack(0x0000009e5e900000,0x0000009e5ea00000) (1024K)]
  0x0000027f9b5cf7c0 WorkerThread "G1 Conc#0"                       [id=2672, stack(0x0000009e5ea00000,0x0000009e5eb00000) (1024K)]

[error occurred during error reporting (printing all threads), id 0xc0000005, EXCEPTION_ACCESS_VIOLATION (0xc0000005) at pc=0x00007ffee059bfba]
VM state: not at safepoint (not fully initialized)

VM Mutex/Monitor currently owned by a thread:  ([mutex/lock_event])
[0x00007ffee0ed3a10] Heap_lock - owner thread: 0x0000027f9b56f880

Heap address: 0x0000000741e00000, size: 3042 MB, Compressed Oops mode: Zero based, Oop shift amount: 3

CDS archive(s) mapped at: [0x0000000000000000-0x0000000000000000-0x0000000000000000), size 0, SharedBaseAddress: 0x0000000800000000, ArchiveRelocationMode: 1.
Narrow klass base: 0x0000000000000000, Narrow klass shift: 0, Narrow klass range: 0x0

GC Precious Log:
 CardTable entry size: 512
 Card Set container configuration: InlinePtr #cards 4 size 8 Array Of Cards #cards 16 size 48 Howl #buckets 8 coarsen threshold 3686 Howl Bitmap #cards 512 size 80 coarsen threshold 460 Card regions per heap region 1 cards per card region 4096

Heap:
 garbage-first heap   total reserved 3115008K, committed 0K, used 0K [0x0000000741e00000, 0x0000000800000000)
  region size 2048K, 0 young (0K), 0 survivors (0K)

[error occurred during error reporting (printing heap information), id 0xc0000005, EXCEPTION_ACCESS_VIOLATION (0xc0000005) at pc=0x00007ffee099c3c9]
GC Heap History (0 events):
No events

Dll operation events (1 events):
Event: 0.013 Loaded shared library C:\Program Files\Java\jdk-23\bin\java.dll

Deoptimization events (0 events):
No events

Classes loaded (0 events):
No events

Classes unloaded (0 events):
No events

Classes redefined (0 events):
No events

Internal exceptions (0 events):
No events

VM Operations (0 events):
No events

Memory protections (0 events):
No events

Nmethod flushes (0 events):
No events

Events (0 events):
No events


Dynamic libraries:
0x00007ff77d5d0000 - 0x00007ff77d5e0000 	C:\Program Files\Java\jdk-23\bin\java.exe
0x00007fff5d780000 - 0x00007fff5d9e3000 	C:\WINDOWS\SYSTEM32\ntdll.dll
0x00007fff5cb00000 - 0x00007fff5cbc8000 	C:\WINDOWS\System32\KERNEL32.DLL
0x00007fff5afa0000 - 0x00007fff5b352000 	C:\WINDOWS\System32\KERNELBASE.dll
0x00007fff5b360000 - 0x00007fff5b4ab000 	C:\WINDOWS\System32\ucrtbase.dll
0x00007fff2f270000 - 0x00007fff2f28b000 	C:\Program Files\Java\jdk-23\bin\VCRUNTIME140.dll
0x00007fff52e50000 - 0x00007fff52e67000 	C:\Program Files\Java\jdk-23\bin\jli.dll
0x00007fff5d070000 - 0x00007fff5d238000 	C:\WINDOWS\System32\USER32.dll
0x00007fff263d0000 - 0x00007fff26660000 	C:\WINDOWS\WinSxS\amd64_microsoft.windows.common-controls_6595b64144ccf1df_6.0.26100.2454_none_3e0b68a2e331ad60\COMCTL32.dll
0x00007fff5ad30000 - 0x00007fff5ad57000 	C:\WINDOWS\System32\win32u.dll
0x00007fff5d570000 - 0x00007fff5d619000 	C:\WINDOWS\System32\msvcrt.dll
0x00007fff5be70000 - 0x00007fff5be9a000 	C:\WINDOWS\System32\GDI32.dll
0x00007fff5b4b0000 - 0x00007fff5b5db000 	C:\WINDOWS\System32\gdi32full.dll
0x00007fff5ab50000 - 0x00007fff5abf3000 	C:\WINDOWS\System32\msvcp_win.dll
0x00007fff5d530000 - 0x00007fff5d55f000 	C:\WINDOWS\System32\IMM32.DLL
0x00007fff46fe0000 - 0x00007fff46fec000 	C:\Program Files\Java\jdk-23\bin\vcruntime140_1.dll
0x00007fff067f0000 - 0x00007fff0687e000 	C:\Program Files\Java\jdk-23\bin\msvcp140.dll
0x00007ffee0260000 - 0x00007ffee0faf000 	C:\Program Files\Java\jdk-23\bin\server\jvm.dll
0x00007fff5bb20000 - 0x00007fff5bbd4000 	C:\WINDOWS\System32\ADVAPI32.dll
0x00007fff5c320000 - 0x00007fff5c3c6000 	C:\WINDOWS\System32\sechost.dll
0x00007fff5d620000 - 0x00007fff5d736000 	C:\WINDOWS\System32\RPCRT4.dll
0x00007fff5bbe0000 - 0x00007fff5bc54000 	C:\WINDOWS\System32\WS2_32.dll
0x00007fff5a9e0000 - 0x00007fff5aa2e000 	C:\WINDOWS\SYSTEM32\POWRPROF.dll
0x00007fff300d0000 - 0x00007fff30106000 	C:\WINDOWS\SYSTEM32\WINMM.dll
0x00007fff4cad0000 - 0x00007fff4cadb000 	C:\WINDOWS\SYSTEM32\VERSION.dll
0x00007fff5a9c0000 - 0x00007fff5a9d4000 	C:\WINDOWS\SYSTEM32\UMPDC.dll
0x00007fff59990000 - 0x00007fff599aa000 	C:\WINDOWS\SYSTEM32\kernel.appcore.dll
0x00007fff2f7f0000 - 0x00007fff2f7fa000 	C:\Program Files\Java\jdk-23\bin\jimage.dll
0x00007fff584c0000 - 0x00007fff58701000 	C:\WINDOWS\SYSTEM32\DBGHELP.DLL
0x00007fff5cc50000 - 0x00007fff5cfce000 	C:\WINDOWS\System32\combase.dll
0x00007fff5c1a0000 - 0x00007fff5c276000 	C:\WINDOWS\System32\OLEAUT32.dll
0x00007fff440c0000 - 0x00007fff440f9000 	C:\WINDOWS\SYSTEM32\dbgcore.DLL
0x00007fff5ac90000 - 0x00007fff5ad29000 	C:\WINDOWS\System32\bcryptPrimitives.dll
0x00007fff2f250000 - 0x00007fff2f26e000 	C:\Program Files\Java\jdk-23\bin\java.dll
0x00007fff5bea0000 - 0x00007fff5c039000 	C:\WINDOWS\System32\ole32.dll
0x00007fff5c3d0000 - 0x00007fff5cad0000 	C:\WINDOWS\System32\SHELL32.dll

dbghelp: loaded successfully - version: 4.0.5 - missing functions: none
symbol engine: initialized successfully - sym options: 0x614 - pdb path: .;C:\Program Files\Java\jdk-23\bin;C:\WINDOWS\SYSTEM32;C:\WINDOWS\WinSxS\amd64_microsoft.windows.common-controls_6595b64144ccf1df_6.0.26100.2454_none_3e0b68a2e331ad60;C:\Program Files\Java\jdk-23\bin\server

VM Arguments:
jvm_args: -Dfile.encoding=UTF-8 --module-path=C:\Users\Dell\OneDrive\Documents\NetBeansProjects\UniversityManagementSystem\build\classes 
java_command: universitymanagementsystem.Project
java_class_path (initial): C:\Users\Dell\OneDrive\Desktop\mysql-connector-j-9.1.0.jar;C:\Users\Dell\OneDrive\Desktop\jcalendar-tz-1.3.3-4.jar;C:\Users\Dell\OneDrive\Desktop\rs2xml.jar;C:\Users\Dell\OneDrive\Documents\NetBeansProjects\UniversityManagementSystem\build\classes
Launcher Type: SUN_STANDARD

[Global flags]
     intx CICompilerCount                          = 3                                         {product} {ergonomic}
     uint ConcGCThreads                            = 1                                         {product} {ergonomic}
     uint G1ConcRefinementThreads                  = 4                                         {product} {ergonomic}
   size_t G1HeapRegionSize                         = 2097152                                   {product} {ergonomic}
   size_t InitialHeapSize                          = 201326592                                 {product} {ergonomic}
   size_t MarkStackSize                            = 4194304                                   {product} {ergonomic}
   size_t MarkStackSizeMax                         = 536870912                                 {product} {ergonomic}
   size_t MaxHeapSize                              = 3189768192                                {product} {ergonomic}
   size_t MinHeapDeltaBytes                        = 2097152                                   {product} {ergonomic}
   size_t MinHeapSize                              = 8388608                                   {product} {ergonomic}
    uintx NonNMethodCodeHeapSize                   = 5832704                                {pd product} {ergonomic}
    uintx NonProfiledCodeHeapSize                  = 122945536                              {pd product} {ergonomic}
    uintx ProfiledCodeHeapSize                     = 122880000                              {pd product} {ergonomic}
    uintx ReservedCodeCacheSize                    = 251658240                              {pd product} {ergonomic}
     bool SegmentedCodeCache                       = true                                      {product} {ergonomic}
   size_t SoftMaxHeapSize                          = 3189768192                             {manageable} {ergonomic}
     bool UseCompressedOops                        = true                           {product lp64_product} {ergonomic}
     bool UseG1GC                                  = true                                      {product} {ergonomic}
     bool UseLargePagesIndividualAllocation        = false                                  {pd product} {ergonomic}

Logging:
Log output configuration:
 #0: stdout all=warning uptime,level,tags foldmultilines=false
 #1: stderr all=off uptime,level,tags foldmultilines=false

Environment Variables:
JAVA_HOME=C:\Program Files\Java\jdk-23
PATH=C:\Program Files\Common Files\Oracle\Java\javapath;C:\WINDOWS\system32;C:\WINDOWS;C:\WINDOWS\System32\Wbem;C:\WINDOWS\System32\WindowsPowerShell\v1.0\;C:\WINDOWS\System32\OpenSSH\;C:\Program Files\Java\jre-1.8\bin;C:\Program Files (x86)\Microsoft SQL Server\160\Tools\Binn\;C:\Program Files\Microsoft SQL Server\160\Tools\Binn\;C:\Program Files\Microsoft SQL Server\Client SDK\ODBC\170\Tools\Binn\;C:\Program Files\Microsoft SQL Server\160\DTS\Binn\;C:\Program Files (x86)\Microsoft SQL Server\160\DTS\Binn\;C:\Users\Dell\Downloads\apache-ant-1.10.14-bin.zip\apache-ant-1.10.14\bin;C:\Program Files\Microsoft SQL Server\150\Tools\Binn\;C:\Program Files\dotnet\;C:\Program Files (x86)\Windows Kits\10\Windows Performance Toolkit\;C:\Program Files\Java\jdk-23\bin;C:\Program Files\Java\jdk-23\bin;C:\Users\Dell\AppData\Local\Microsoft\WindowsApps;C:\Users\Dell\Downloads\apache-ant-1.10.14-bin.zip\apache-ant-1.10.14\bin;C:\Users\Dell\.dotnet\tools
USERNAME=Dell
OS=Windows_NT
PROCESSOR_IDENTIFIER=Intel64 Family 6 Model 142 Stepping 11, GenuineIntel
TMP=C:\Users\Dell\AppData\Local\Temp
TEMP=C:\Users\Dell\AppData\Local\Temp




Periodic native trim disabled

---------------  S Y S T E M  ---------------

OS:
 Windows 11 , 64 bit Build 26100 (10.0.26100.2454)
OS uptime: 0 days 23:38 hours

CPU: total 4 (initial active 4) (2 cores per cpu, 2 threads per core) family 6 model 142 stepping 11 microcode 0xf4, cx8, cmov, fxsr, ht, mmx, 3dnowpref, sse, sse2, sse3, ssse3, sse4.1, sse4.2, popcnt, lzcnt, tsc, tscinvbit, avx, avx2, aes, erms, clmul, bmi1, bmi2, adx, fma, vzeroupper, clflush, clflushopt, rdtscp, f16c
Processor Information for the first 4 processors :
  Max Mhz: 2304, Current Mhz: 2103, Mhz Limit: 2096

Memory: 4k page, system-wide physical 12165M (3581M free)
TotalPageFile size 27306M (AvailPageFile size 142M)
current process WorkingSet (physical memory assigned to process): 13M, peak: 13M
current process commit charge ("private bytes"): 52M, peak: 244M

vm_info: Java HotSpot(TM) 64-Bit Server VM (23.0.1+11-39) for windows-amd64 JRE (23.0.1+11-39), built on 2024-09-30T07:20:43Z with MS VC++ 17.6 (VS2022)

END.
