#
# A fatal error has been detected by the Java Runtime Environment:
#
#  EXCEPTION_ACCESS_VIOLATION (0xc0000005) at pc=0x00007fffe81e1b85, pid=15532, tid=1252
#
# JRE version:  (23.0.1+11) (build )
# Java VM: Java HotSpot(TM) 64-Bit Server VM (23.0.1+11-39, mixed mode, sharing, tiered, compressed class ptrs, unknown gc, windows-amd64)
# Problematic frame:
# C  [jimage.dll+0x1b85]
#
# No core dump will be written. Minidumps are not enabled by default on client versions of Windows
#
#

---------------  S U M M A R Y ------------

Command Line: 

Host: Intel(R) Core(TM) i3-8145U CPU @ 2.10GHz, 4 cores, 11G,  Windows 11 , 64 bit Build 26100 (10.0.26100.2454)
Time: Tue Dec 31 18:52:40 2024 Sri Lanka Standard Time elapsed time: 0.032759 seconds (0d 0h 0m 0s)

---------------  T H R E A D  ---------------

Current thread is native thread

Stack: [0x00000029bd100000,0x00000029bd200000],  sp=0x00000029bd1fdfa0,  free space=1015k
Native frames: (J=compiled Java code, j=interpreted, Vv=VM code, C=native code)
C  [jimage.dll+0x1b85]  (no source info available)
C  [jimage.dll+0x1d13]  (no source info available)
C  [jimage.dll+0x25dd]  (no source info available)
V  [jvm.dll+0x219f52]  (no source info available)
V  [jvm.dll+0xbfa50]  (no source info available)
V  [jvm.dll+0x82cf7c]  (no source info available)
V  [jvm.dll+0x454d4e]  (no source info available)
V  [jvm.dll+0x456bd1]  (no source info available)
C  [jli.dll+0x52a3]  (no source info available)
C  [ucrtbase.dll+0x14ea0]  (no source info available)
C  [KERNEL32.DLL+0x2e8d7]  (no source info available)
C  [ntdll.dll+0xdfbcc]  (no source info available)


siginfo: EXCEPTION_ACCESS_VIOLATION (0xc0000005), reading address 0x00000000000155cc


Registers:
RAX=0x000000000000556c, RBX=0x00000029bd1fe091, RCX=0x00007fffe81e6000, RDX=0x000000000000556c
RSP=0x00000029bd1fdfa0, RBP=0x00000029bd1fe090, RSI=0x00000000000076f0, RDI=0x00000029bd1fe090
R8 =0x00007fffe81e4298, R9 =0x000000000000001c, R10=0x00007fffe9990000, R11=0x00007fffe81e6000
R12=0x0000000000000000, R13=0x00000029bd1ffb00, R14=0x00000029bd1ff100, R15=0x00007fff6d0bc8a8
RIP=0x00007fffe81e1b85, EFLAGS=0x0000000000010246


Top of Stack: (sp=0x00000029bd1fdfa0)
0x00000029bd1fdfa0:   0000000000000000 0000000000000000
0x00000029bd1fdfb0:   0000000000000000 0000000000000000
0x00000029bd1fdfc0:   000001d504cbb8a0 00007fffe81e1d13
0x00000029bd1fdfd0:   000000000000000b 000001d504cbb8a0
0x00000029bd1fdfe0:   0000000000000000 0000000000000000
0x00000029bd1fdff0:   0000000000000000 0000000000000000
0x00000029bd1fe000:   0000000000000000 0000000000000000
0x00000029bd1fe010:   0000002900000000 0000000000000000
0x00000029bd1fe020:   0000000000000000 0000000000000000
0x00000029bd1fe030:   0000d11707bdd658 0000000000000000
0x00000029bd1fe040:   00007fff6d09a700 0000000000000017
0x00000029bd1fe050:   000001d504cbb8a0 00000029bd1ff100
0x00000029bd1fe060:   000000000000000b 00007fffe81e25dd
0x00000029bd1fe070:   0000000000000000 0000000000000000
0x00000029bd1fe080:   000001d504cd0a10 0000000000000000
0x00000029bd1fe090:   61622e6176616a2f 692f6b646a2f6573
0x00000029bd1fe0a0:   2f6c616e7265746e 6f6974706f2f6d76
0x00000029bd1fe0b0:   000000000000736e 0000000000000000
0x00000029bd1fe0c0:   0000000000000000 0000000000000000
0x00000029bd1fe0d0:   000001d504cd08f0 0000000000000000
0x00000029bd1fe0e0:   0000000000000000 0000000000000000
0x00000029bd1fe0f0:   0000000000000000 0000000000000000
0x00000029bd1fe100:   0000000000000000 0000000000000000
0x00000029bd1fe110:   0000000000000000 0000000000000000
0x00000029bd1fe120:   0000000000000000 0000000000000000
0x00000029bd1fe130:   0000000000000000 0000000000000000
0x00000029bd1fe140:   0000000000000000 0000000000000000
0x00000029bd1fe150:   0000000000000000 0000000000000000
0x00000029bd1fe160:   0000000000000000 0000000000000000
0x00000029bd1fe170:   0000000000000014 000001d506f1f670
0x00000029bd1fe180:   0000000000008210 00000000000081fe
0x00000029bd1fe190:   0000000000008210 00007ff803430134 

Instructions: (pc=0x00007fffe81e1b85)
0x00007fffe81e1a85:   48 85 c9 74 1d 80 3d 7f 45 00 00 00 74 06 48 8b
0x00007fffe81e1a95:   53 18 eb 04 48 8b 53 40 e8 9a 0e 00 00 48 83 63
0x00007fffe81e1aa5:   48 00 8b 4b 0c 83 f9 ff 74 09 e8 d0 0c 00 00 83
0x00007fffe81e1ab5:   4b 0c ff 48 8b 4b 70 48 85 c9 74 0f ba 10 00 00
0x00007fffe81e1ac5:   00 e8 f1 0e 00 00 48 83 63 70 00 48 83 c4 20 5b
0x00007fffe81e1ad5:   c3 cc cc 40 53 48 83 ec 20 48 8b d9 48 8d 0d 38
0x00007fffe81e1ae5:   47 00 00 e8 9f 0c 00 00 83 6b 08 01 75 24 48 8b
0x00007fffe81e1af5:   d3 48 8d 0d 1b 45 00 00 e8 22 08 00 00 48 8b cb
0x00007fffe81e1b05:   e8 d6 fe ff ff ba 78 00 00 00 48 8b cb e8 a5 0e
0x00007fffe81e1b15:   00 00 48 8d 0d 02 47 00 00 48 83 c4 20 5b e9 6c
0x00007fffe81e1b25:   0c 00 00 48 89 5c 24 08 48 89 74 24 10 57 48 83
0x00007fffe81e1b35:   ec 20 41 8b f1 4d 8b c8 48 8b fa 4c 8b d9 4d 85
0x00007fffe81e1b45:   c0 74 78 85 f6 74 74 44 8a 12 48 8d 5a 01 48 8b
0x00007fffe81e1b55:   d3 b8 93 01 00 01 eb 12 69 c0 93 01 00 01 41 0f
0x00007fffe81e1b65:   b6 ca 44 8a 12 33 c1 48 ff c2 45 84 d2 75 e9 4d
0x00007fffe81e1b75:   8b 03 0f ba f0 1f 33 d2 49 8b cb f7 f6 48 63 c2
0x00007fffe81e1b85:   41 8b 14 81 41 ff 50 08 85 c0 7e 24 8a 0f eb 10
0x00007fffe81e1b95:   69 c0 93 01 00 01 0f b6 c9 33 c1 8a 0b 48 ff c3
0x00007fffe81e1ba5:   84 c9 75 ec 0f ba f0 1f 33 d2 f7 f6 8b c2 eb 0e
0x00007fffe81e1bb5:   79 09 83 c9 ff 2b c8 8b c1 eb 03 83 c8 ff 48 8b
0x00007fffe81e1bc5:   5c 24 30 48 8b 74 24 38 48 83 c4 20 5f c3 cc 48
0x00007fffe81e1bd5:   89 5c 24 08 48 89 74 24 10 57 48 83 ec 20 48 8b
0x00007fffe81e1be5:   f1 48 8d 0d 33 46 00 00 e8 9a 0b 00 00 33 ff 39
0x00007fffe81e1bf5:   3d 1e 44 00 00 76 24 48 8b 05 1d 44 00 00 48 8b
0x00007fffe81e1c05:   d6 48 8b 1c f8 48 8b 0b e8 68 1e 00 00 85 c0 74
0x00007fffe81e1c15:   2b ff c7 3b 3d fa 43 00 00 72 dc 33 db 48 8d 0d
0x00007fffe81e1c25:   f7 45 00 00 e8 66 0b 00 00 48 8b 74 24 38 48 8b
0x00007fffe81e1c35:   c3 48 8b 5c 24 30 48 83 c4 20 5f c3 ff 43 08 eb
0x00007fffe81e1c45:   dc cc cc 48 89 5c 24 08 48 89 74 24 10 57 48 83
0x00007fffe81e1c55:   ec 20 48 8b d9 48 8b f2 48 8b 49 10 49 8b f8 8b
0x00007fffe81e1c65:   53 30 48 8b 01 ff 50 20 4c 8b 43 50 48 8b d6 48
0x00007fffe81e1c75:   8b 4b 10 44 8b c8 e8 a8 fe ff ff 83 f8 ff 74 38 



---------------  P R O C E S S  ---------------

VM state: not at safepoint (not fully initialized)

VM Mutex/Monitor currently owned by a thread: None

CDS archive(s) mapped at: [0x0000000000000000-0x0000000000000000-0x0000000000000000), size 0, SharedBaseAddress: 0x0000000800000000, ArchiveRelocationMode: 1.
Narrow klass base: 0x0000000000000000, Narrow klass shift: 0, Narrow klass range: 0x0

GC Precious Log:
<Not initialized>


Dynamic libraries:
0x00007ff7d9290000 - 0x00007ff7d92a0000 	C:\Program Files\Java\jdk-23\bin\java.exe
0x00007ff803420000 - 0x00007ff803683000 	C:\WINDOWS\SYSTEM32\ntdll.dll
0x00007ff801ef0000 - 0x00007ff801fb8000 	C:\WINDOWS\System32\KERNEL32.DLL
0x00007ff800820000 - 0x00007ff800bd2000 	C:\WINDOWS\System32\KERNELBASE.dll
0x00007ff800f60000 - 0x00007ff8010ab000 	C:\WINDOWS\System32\ucrtbase.dll
0x00007fffe9990000 - 0x00007fffe99ab000 	C:\Program Files\Java\jdk-23\bin\VCRUNTIME140.dll
0x00007ffff6f20000 - 0x00007ffff6f37000 	C:\Program Files\Java\jdk-23\bin\jli.dll
0x00007ff802180000 - 0x00007ff802348000 	C:\WINDOWS\System32\USER32.dll
0x00007ff8007f0000 - 0x00007ff800817000 	C:\WINDOWS\System32\win32u.dll
0x00007ff802110000 - 0x00007ff80213a000 	C:\WINDOWS\System32\GDI32.dll
0x00007fffcd8e0000 - 0x00007fffcdb70000 	C:\WINDOWS\WinSxS\amd64_microsoft.windows.common-controls_6595b64144ccf1df_6.0.26100.2454_none_3e0b68a2e331ad60\COMCTL32.dll
0x00007ff801150000 - 0x00007ff80127b000 	C:\WINDOWS\System32\gdi32full.dll
0x00007ff803140000 - 0x00007ff8031e9000 	C:\WINDOWS\System32\msvcrt.dll
0x00007ff800ca0000 - 0x00007ff800d43000 	C:\WINDOWS\System32\msvcp_win.dll
0x00007ff802140000 - 0x00007ff80216f000 	C:\WINDOWS\System32\IMM32.DLL
0x00007fffecb80000 - 0x00007fffecb8c000 	C:\Program Files\Java\jdk-23\bin\vcruntime140_1.dll
0x00007fff92940000 - 0x00007fff929ce000 	C:\Program Files\Java\jdk-23\bin\msvcp140.dll
0x00007fff6c6e0000 - 0x00007fff6d42f000 	C:\Program Files\Java\jdk-23\bin\server\jvm.dll
0x00007ff801280000 - 0x00007ff801334000 	C:\WINDOWS\System32\ADVAPI32.dll
0x00007ff8019e0000 - 0x00007ff801a86000 	C:\WINDOWS\System32\sechost.dll
0x00007ff801ff0000 - 0x00007ff802106000 	C:\WINDOWS\System32\RPCRT4.dll
0x00007ff803340000 - 0x00007ff8033b4000 	C:\WINDOWS\System32\WS2_32.dll
0x00007ff800680000 - 0x00007ff8006ce000 	C:\WINDOWS\SYSTEM32\POWRPROF.dll
0x00007ffff2bb0000 - 0x00007ffff2bbb000 	C:\WINDOWS\SYSTEM32\VERSION.dll
0x00007fffd6420000 - 0x00007fffd6456000 	C:\WINDOWS\SYSTEM32\WINMM.dll
0x00007ff800660000 - 0x00007ff800674000 	C:\WINDOWS\SYSTEM32\UMPDC.dll
0x00007fffff620000 - 0x00007fffff63a000 	C:\WINDOWS\SYSTEM32\kernel.appcore.dll
0x00007fffe81e0000 - 0x00007fffe81ea000 	C:\Program Files\Java\jdk-23\bin\jimage.dll
0x00007ffffe150000 - 0x00007ffffe391000 	C:\WINDOWS\SYSTEM32\DBGHELP.DLL
0x00007ff801650000 - 0x00007ff8019ce000 	C:\WINDOWS\System32\combase.dll
0x00007ff801e10000 - 0x00007ff801ee6000 	C:\WINDOWS\System32\OLEAUT32.dll
0x00007fffe95e0000 - 0x00007fffe9619000 	C:\WINDOWS\SYSTEM32\dbgcore.DLL
0x00007ff8010b0000 - 0x00007ff801149000 	C:\WINDOWS\System32\bcryptPrimitives.dll

dbghelp: loaded successfully - version: 4.0.5 - missing functions: none
symbol engine: initialized successfully - sym options: 0x614 - pdb path: .;C:\Program Files\Java\jdk-23\bin;C:\WINDOWS\SYSTEM32;C:\WINDOWS\WinSxS\amd64_microsoft.windows.common-controls_6595b64144ccf1df_6.0.26100.2454_none_3e0b68a2e331ad60;C:\Program Files\Java\jdk-23\bin\server

VM Arguments:
java_command: <unknown>
java_class_path (initial): <not set>
Launcher Type: SUN_STANDARD

[Global flags]
     bool UseLargePagesIndividualAllocation        = false                                  {pd product} {ergonomic}

Logging:
Log output configuration:
 #0: stdout all=warning uptime,level,tags foldmultilines=false
 #1: stderr all=off uptime,level,tags foldmultilines=false

Environment Variables:
JAVA_HOME=C:\Program Files\Java\jdk-23
PATH=C:\Program Files\Common Files\Oracle\Java\javapath;C:\WINDOWS\system32;C:\WINDOWS;C:\WINDOWS\System32\Wbem;C:\WINDOWS\System32\WindowsPowerShell\v1.0\;C:\WINDOWS\System32\OpenSSH\;C:\Program Files\Java\jre-1.8\bin;C:\Program Files (x86)\Microsoft SQL Server\160\Tools\Binn\;C:\Program Files\Microsoft SQL Server\160\Tools\Binn\;C:\Program Files\Microsoft SQL Server\Client SDK\ODBC\170\Tools\Binn\;C:\Program Files\Microsoft SQL Server\160\DTS\Binn\;C:\Program Files (x86)\Microsoft SQL Server\160\DTS\Binn\;C:\Users\Dell\Downloads\apache-ant-1.10.14-bin.zip\apache-ant-1.10.14\bin;C:\Program Files\Microsoft SQL Server\150\Tools\Binn\;C:\Program Files\dotnet\;C:\Program Files (x86)\Windows Kits\10\Windows Performance Toolkit\;C:\Program Files\Java\jdk-23\bin;C:\Program Files\Java\jdk-23\bin;C:\Users\Dell\AppData\Local\Microsoft\WindowsApps;C:\Users\Dell\Downloads\apache-ant-1.10.14-bin.zip\apache-ant-1.10.14\bin;C:\Users\Dell\.dotnet\tools
USERNAME=Dell
OS=Windows_NT
PROCESSOR_IDENTIFIER=Intel64 Family 6 Model 142 Stepping 11, GenuineIntel
TMP=C:\Users\Dell\AppData\Local\Temp
TEMP=C:\Users\Dell\AppData\Local\Temp




Periodic native trim disabled

---------------  S Y S T E M  ---------------

OS:
 Windows 11 , 64 bit Build 26100 (10.0.26100.2454)
OS uptime: 0 days 10:41 hours

CPU: total 4 (initial active 0) 
Processor Information for the first 4 processors :
  Max Mhz: 2304, Current Mhz: 2103, Mhz Limit: 2096

Memory: 4k page, system-wide physical 12165M (3386M free)
TotalPageFile size 27306M (AvailPageFile size 29M)
current process WorkingSet (physical memory assigned to process): 10M, peak: 10M
current process commit charge ("private bytes"): 3M, peak: 3M

vm_info: Java HotSpot(TM) 64-Bit Server VM (23.0.1+11-39) for windows-amd64 JRE (23.0.1+11-39), built on 2024-09-30T07:20:43Z with MS VC++ 17.6 (VS2022)

END.
