#
# There is insufficient memory for the Java Runtime Environment to continue.
# Native memory allocation (malloc) failed to allocate 1048576 bytes. Error detail: AllocateHeap
# Possible reasons:
#   The system is out of physical RAM or swap space
#   This process is running with CompressedOops enabled, and the Java Heap may be blocking the growth of the native heap
# Possible solutions:
#   Reduce memory load on the system
#   Increase physical memory or swap space
#   Check if swap backing store is full
#   Decrease Java heap size (-Xmx/-Xms)
#   Decrease number of Java threads
#   Decrease Java thread stack sizes (-Xss)
#   Set larger code cache with -XX:ReservedCodeCacheSize=
#   JVM is running with Zero Based Compressed Oops mode in which the Java heap is
#     placed in the first 32GB address space. The Java Heap base address is the
#     maximum limit for the native heap growth. Please use -XX:HeapBaseMinAddress
#     to set the Java Heap base and to place the Java Heap above 32GB virtual address.
# This output file may be truncated or incomplete.
#
#  Out of Memory Error (allocation.cpp:44), pid=19988, tid=10076
#
# JRE version:  (23.0.1+11) (build )
# Java VM: Java HotSpot(TM) 64-Bit Server VM (23.0.1+11-39, mixed mode, sharing, tiered, compressed oops, compressed class ptrs, g1 gc, windows-amd64)
# No core dump will be written. Minidumps are not enabled by default on client versions of Windows
#

---------------  S U M M A R Y ------------

Command Line: -Dfile.encoding=UTF-8 --module-path=C:\Users\Dell\OneDrive\Documents\NetBeansProjects\UniversityManagementSystem\build\classes universitymanagementsystem.Project

Host: Intel(R) Core(TM) i3-8145U CPU @ 2.10GHz, 4 cores, 11G,  Windows 11 , 64 bit Build 26100 (10.0.26100.2454)
Time: Tue Dec 31 19:19:55 2024 Sri Lanka Standard Time elapsed time: 0.193235 seconds (0d 0h 0m 0s)

---------------  T H R E A D  ---------------

Current thread (0x000001b32a83c530):  JavaThread "Unknown thread" [_thread_in_vm, id=10076, stack(0x0000009064900000,0x0000009064a00000) (1024K)]

Stack: [0x0000009064900000,0x0000009064a00000]
Native frames: (J=compiled Java code, j=interpreted, Vv=VM code, C=native code)
V  [jvm.dll+0x6e08b9]  (no source info available)
V  [jvm.dll+0x87dc83]  (no source info available)
V  [jvm.dll+0x88010e]  (no source info available)
V  [jvm.dll+0x8807e3]  (no source info available)
V  [jvm.dll+0x27aee6]  (no source info available)
V  [jvm.dll+0xb6a17]  (no source info available)
V  [jvm.dll+0x331585]  (no source info available)
V  [jvm.dll+0x329641]  (no source info available)
V  [jvm.dll+0x844355]  (no source info available)
V  [jvm.dll+0x3b9848]  (no source info available)
V  [jvm.dll+0x82d14c]  (no source info available)
V  [jvm.dll+0x454d4e]  (no source info available)
V  [jvm.dll+0x456bd1]  (no source info available)
C  [jli.dll+0x52a3]  (no source info available)
C  [ucrtbase.dll+0x14ea0]  (no source info available)
C  [KERNEL32.DLL+0x2e8d7]  (no source info available)
C  [ntdll.dll+0xdfbcc]  (no source info available)

Lock stack of current Java thread (top to bottom):


---------------  P R O C E S S  ---------------

Threads class SMR info:
_java_thread_list=0x00007fff6d2d3618, length=0, elements={
}

Java Threads: ( => current thread )
Total: 0

Other Threads:
  0x000001b32a88a360 WorkerThread "GC Thread#0"                     [id=18044, stack(0x0000009064a00000,0x0000009064b00000) (1024K)]

[error occurred during error reporting (printing all threads), id 0xc0000005, EXCEPTION_ACCESS_VIOLATION (0xc0000005) at pc=0x00007fff6ca16830]
VM state: not at safepoint (not fully initialized)

VM Mutex/Monitor currently owned by a thread:  ([mutex/lock_event])
[0x00007fff6d353a10] Heap_lock - owner thread: 0x000001b32a83c530

Heap address: 0x0000000741e00000, size: 3042 MB, Compressed Oops mode: Zero based, Oop shift amount: 3

CDS archive(s) mapped at: [0x0000000000000000-0x0000000000000000-0x0000000000000000), size 0, SharedBaseAddress: 0x0000000800000000, ArchiveRelocationMode: 1.
Narrow klass base: 0x0000000000000000, Narrow klass shift: 0, Narrow klass range: 0x0

GC Precious Log:
 CardTable entry size: 512
 Card Set container configuration: InlinePtr #cards 4 size 8 Array Of Cards #cards 16 size 48 Howl #buckets 8 coarsen threshold 3686 Howl Bitmap #cards 512 size 80 coarsen threshold 460 Card regions per heap region 1 cards per card region 4096

Heap:
 garbage-first heap   total reserved 3115008K, committed 0K, used 0K [0x0000000741e00000, 0x0000000800000000)
  region size 2048K, 0 young (0K), 0 survivors (0K)

[error occurred during error reporting (printing heap information), id 0xc0000005, EXCEPTION_ACCESS_VIOLATION (0xc0000005) at pc=0x00007fff6ce1c3c9]
GC Heap History (0 events):
No events

Dll operation events (1 events):
Event: 0.012 Loaded shared library C:\Program Files\Java\jdk-23\bin\java.dll

Deoptimization events (0 events):
No events

Classes loaded (0 events):
No events

Classes unloaded (0 events):
No events

Classes redefined (0 events):
No events

Internal exceptions (0 events):
No events

VM Operations (0 events):
No events

Memory protections (0 events):
No events

Nmethod flushes (0 events):
No events

Events (0 events):
No events


Dynamic libraries:
0x00007ff7d9290000 - 0x00007ff7d92a0000 	C:\Program Files\Java\jdk-23\bin\java.exe
0x00007ff803420000 - 0x00007ff803683000 	C:\WINDOWS\SYSTEM32\ntdll.dll
0x00007ff801ef0000 - 0x00007ff801fb8000 	C:\WINDOWS\System32\KERNEL32.DLL
0x00007ff800820000 - 0x00007ff800bd2000 	C:\WINDOWS\System32\KERNELBASE.dll
0x00007ff800f60000 - 0x00007ff8010ab000 	C:\WINDOWS\System32\ucrtbase.dll
0x00007fffe9990000 - 0x00007fffe99ab000 	C:\Program Files\Java\jdk-23\bin\VCRUNTIME140.dll
0x00007ffff6f20000 - 0x00007ffff6f37000 	C:\Program Files\Java\jdk-23\bin\jli.dll
0x00007ff802180000 - 0x00007ff802348000 	C:\WINDOWS\System32\USER32.dll
0x00007fffcd8e0000 - 0x00007fffcdb70000 	C:\WINDOWS\WinSxS\amd64_microsoft.windows.common-controls_6595b64144ccf1df_6.0.26100.2454_none_3e0b68a2e331ad60\COMCTL32.dll
0x00007ff8007f0000 - 0x00007ff800817000 	C:\WINDOWS\System32\win32u.dll
0x00007ff803140000 - 0x00007ff8031e9000 	C:\WINDOWS\System32\msvcrt.dll
0x00007ff802110000 - 0x00007ff80213a000 	C:\WINDOWS\System32\GDI32.dll
0x00007ff801150000 - 0x00007ff80127b000 	C:\WINDOWS\System32\gdi32full.dll
0x00007ff800ca0000 - 0x00007ff800d43000 	C:\WINDOWS\System32\msvcp_win.dll
0x00007ff802140000 - 0x00007ff80216f000 	C:\WINDOWS\System32\IMM32.DLL
0x00007fffecb80000 - 0x00007fffecb8c000 	C:\Program Files\Java\jdk-23\bin\vcruntime140_1.dll
0x00007fff92940000 - 0x00007fff929ce000 	C:\Program Files\Java\jdk-23\bin\msvcp140.dll
0x00007fff6c6e0000 - 0x00007fff6d42f000 	C:\Program Files\Java\jdk-23\bin\server\jvm.dll
0x00007ff801280000 - 0x00007ff801334000 	C:\WINDOWS\System32\ADVAPI32.dll
0x00007ff8019e0000 - 0x00007ff801a86000 	C:\WINDOWS\System32\sechost.dll
0x00007ff801ff0000 - 0x00007ff802106000 	C:\WINDOWS\System32\RPCRT4.dll
0x00007ff803340000 - 0x00007ff8033b4000 	C:\WINDOWS\System32\WS2_32.dll
0x00007ff800680000 - 0x00007ff8006ce000 	C:\WINDOWS\SYSTEM32\POWRPROF.dll
0x00007fffd6420000 - 0x00007fffd6456000 	C:\WINDOWS\SYSTEM32\WINMM.dll
0x00007ffff2bb0000 - 0x00007ffff2bbb000 	C:\WINDOWS\SYSTEM32\VERSION.dll
0x00007ff800660000 - 0x00007ff800674000 	C:\WINDOWS\SYSTEM32\UMPDC.dll
0x00007fffff620000 - 0x00007fffff63a000 	C:\WINDOWS\SYSTEM32\kernel.appcore.dll
0x00007fffe81e0000 - 0x00007fffe81ea000 	C:\Program Files\Java\jdk-23\bin\jimage.dll
0x00007ffffe150000 - 0x00007ffffe391000 	C:\WINDOWS\SYSTEM32\DBGHELP.DLL
0x00007ff801650000 - 0x00007ff8019ce000 	C:\WINDOWS\System32\combase.dll
0x00007ff801e10000 - 0x00007ff801ee6000 	C:\WINDOWS\System32\OLEAUT32.dll
0x00007fffe95e0000 - 0x00007fffe9619000 	C:\WINDOWS\SYSTEM32\dbgcore.DLL
0x00007ff8010b0000 - 0x00007ff801149000 	C:\WINDOWS\System32\bcryptPrimitives.dll
0x00007fffbf360000 - 0x00007fffbf37e000 	C:\Program Files\Java\jdk-23\bin\java.dll
0x00007ff8014b0000 - 0x00007ff801649000 	C:\WINDOWS\System32\ole32.dll
0x00007ff802350000 - 0x00007ff802a50000 	C:\WINDOWS\System32\SHELL32.dll

dbghelp: loaded successfully - version: 4.0.5 - missing functions: none
symbol engine: initialized successfully - sym options: 0x614 - pdb path: .;C:\Program Files\Java\jdk-23\bin;C:\WINDOWS\SYSTEM32;C:\WINDOWS\WinSxS\amd64_microsoft.windows.common-controls_6595b64144ccf1df_6.0.26100.2454_none_3e0b68a2e331ad60;C:\Program Files\Java\jdk-23\bin\server

VM Arguments:
jvm_args: -Dfile.encoding=UTF-8 --module-path=C:\Users\Dell\OneDrive\Documents\NetBeansProjects\UniversityManagementSystem\build\classes 
java_command: universitymanagementsystem.Project
java_class_path (initial): C:\Users\Dell\OneDrive\Documents\NetBeansProjects\UniversityManagementSystem\build\classes
Launcher Type: SUN_STANDARD

[Global flags]
     intx CICompilerCount                          = 3                                         {product} {ergonomic}
     uint ConcGCThreads                            = 1                                         {product} {ergonomic}
     uint G1ConcRefinementThreads                  = 4                                         {product} {ergonomic}
   size_t G1HeapRegionSize                         = 2097152                                   {product} {ergonomic}
   size_t InitialHeapSize                          = 201326592                                 {product} {ergonomic}
   size_t MarkStackSize                            = 4194304                                   {product} {ergonomic}
   size_t MarkStackSizeMax                         = 536870912                                 {product} {ergonomic}
   size_t MaxHeapSize                              = 3189768192                                {product} {ergonomic}
   size_t MinHeapDeltaBytes                        = 2097152                                   {product} {ergonomic}
   size_t MinHeapSize                              = 8388608                                   {product} {ergonomic}
    uintx NonNMethodCodeHeapSize                   = 5832704                                {pd product} {ergonomic}
    uintx NonProfiledCodeHeapSize                  = 122945536                              {pd product} {ergonomic}
    uintx ProfiledCodeHeapSize                     = 122880000                              {pd product} {ergonomic}
    uintx ReservedCodeCacheSize                    = 251658240                              {pd product} {ergonomic}
     bool SegmentedCodeCache                       = true                                      {product} {ergonomic}
   size_t SoftMaxHeapSize                          = 3189768192                             {manageable} {ergonomic}
     bool UseCompressedOops                        = true                           {product lp64_product} {ergonomic}
     bool UseG1GC                                  = true                                      {product} {ergonomic}
     bool UseLargePagesIndividualAllocation        = false                                  {pd product} {ergonomic}

Logging:
Log output configuration:
 #0: stdout all=warning uptime,level,tags foldmultilines=false
 #1: stderr all=off uptime,level,tags foldmultilines=false

Environment Variables:
JAVA_HOME=C:\Program Files\Java\jdk-23
PATH=C:\Program Files\Common Files\Oracle\Java\javapath;C:\WINDOWS\system32;C:\WINDOWS;C:\WINDOWS\System32\Wbem;C:\WINDOWS\System32\WindowsPowerShell\v1.0\;C:\WINDOWS\System32\OpenSSH\;C:\Program Files\Java\jre-1.8\bin;C:\Program Files (x86)\Microsoft SQL Server\160\Tools\Binn\;C:\Program Files\Microsoft SQL Server\160\Tools\Binn\;C:\Program Files\Microsoft SQL Server\Client SDK\ODBC\170\Tools\Binn\;C:\Program Files\Microsoft SQL Server\160\DTS\Binn\;C:\Program Files (x86)\Microsoft SQL Server\160\DTS\Binn\;C:\Users\Dell\Downloads\apache-ant-1.10.14-bin.zip\apache-ant-1.10.14\bin;C:\Program Files\Microsoft SQL Server\150\Tools\Binn\;C:\Program Files\dotnet\;C:\Program Files (x86)\Windows Kits\10\Windows Performance Toolkit\;C:\Program Files\Java\jdk-23\bin;C:\Program Files\Java\jdk-23\bin;C:\Users\Dell\AppData\Local\Microsoft\WindowsApps;C:\Users\Dell\Downloads\apache-ant-1.10.14-bin.zip\apache-ant-1.10.14\bin;C:\Users\Dell\.dotnet\tools
USERNAME=Dell
OS=Windows_NT
PROCESSOR_IDENTIFIER=Intel64 Family 6 Model 142 Stepping 11, GenuineIntel
TMP=C:\Users\Dell\AppData\Local\Temp
TEMP=C:\Users\Dell\AppData\Local\Temp




Periodic native trim disabled

---------------  S Y S T E M  ---------------

OS:
 Windows 11 , 64 bit Build 26100 (10.0.26100.2454)
OS uptime: 0 days 11:08 hours

CPU: total 4 (initial active 4) (2 cores per cpu, 2 threads per core) family 6 model 142 stepping 11 microcode 0xf4, cx8, cmov, fxsr, ht, mmx, 3dnowpref, sse, sse2, sse3, ssse3, sse4.1, sse4.2, popcnt, lzcnt, tsc, tscinvbit, avx, avx2, aes, erms, clmul, bmi1, bmi2, adx, fma, vzeroupper, clflush, clflushopt, rdtscp, f16c
Processor Information for the first 4 processors :
  Max Mhz: 2304, Current Mhz: 2103, Mhz Limit: 2096

Memory: 4k page, system-wide physical 12165M (3867M free)
TotalPageFile size 27306M (AvailPageFile size 14M)
current process WorkingSet (physical memory assigned to process): 13M, peak: 13M
current process commit charge ("private bytes"): 49M, peak: 50M

vm_info: Java HotSpot(TM) 64-Bit Server VM (23.0.1+11-39) for windows-amd64 JRE (23.0.1+11-39), built on 2024-09-30T07:20:43Z with MS VC++ 17.6 (VS2022)

END.
