#
# There is insufficient memory for the Java Runtime Environment to continue.
# Native memory allocation (mmap) failed to map 201326592 bytes. Error detail: G1 virtual space
# Possible reasons:
#   The system is out of physical RAM or swap space
#   This process is running with CompressedOops enabled, and the Java Heap may be blocking the growth of the native heap
# Possible solutions:
#   Reduce memory load on the system
#   Increase physical memory or swap space
#   Check if swap backing store is full
#   Decrease Java heap size (-Xmx/-Xms)
#   Decrease number of Java threads
#   Decrease Java thread stack sizes (-Xss)
#   Set larger code cache with -XX:ReservedCodeCacheSize=
#   JVM is running with Zero Based Compressed Oops mode in which the Java heap is
#     placed in the first 32GB address space. The Java Heap base address is the
#     maximum limit for the native heap growth. Please use -XX:HeapBaseMinAddress
#     to set the Java Heap base and to place the Java Heap above 32GB virtual address.
# This output file may be truncated or incomplete.
#
#  Out of Memory Error (os_windows.cpp:3703), pid=5632, tid=9096
#
# JRE version:  (23.0.1+11) (build )
# Java VM: Java HotSpot(TM) 64-Bit Server VM (23.0.1+11-39, mixed mode, sharing, tiered, compressed oops, compressed class ptrs, g1 gc, windows-amd64)
# No core dump will be written. Minidumps are not enabled by default on client versions of Windows
#

---------------  S U M M A R Y ------------

Command Line: -Dfile.encoding=UTF-8 --module-path=C:\Users\Dell\OneDrive\Documents\NetBeansProjects\UniversityManagementSystem\build\classes universitymanagementsystem.UpdateStudent

Host: Intel(R) Core(TM) i3-8145U CPU @ 2.10GHz, 4 cores, 11G,  Windows 11 , 64 bit Build 26100 (10.0.26100.2454)
Time: Thu Jan  9 17:06:43 2025 Sri Lanka Standard Time elapsed time: 0.014487 seconds (0d 0h 0m 0s)

---------------  T H R E A D  ---------------

Current thread (0x00000255a5d9d0c0):  JavaThread "Unknown thread" [_thread_in_vm, id=9096, stack(0x0000007bbf600000,0x0000007bbf700000) (1024K)]

Stack: [0x0000007bbf600000,0x0000007bbf700000]
Native frames: (J=compiled Java code, j=interpreted, Vv=VM code, C=native code)
V  [jvm.dll+0x6e08b9]  (no source info available)
V  [jvm.dll+0x87dc83]  (no source info available)
V  [jvm.dll+0x88010e]  (no source info available)
V  [jvm.dll+0x8807e3]  (no source info available)
V  [jvm.dll+0x27aee6]  (no source info available)
V  [jvm.dll+0x6dd1c5]  (no source info available)
V  [jvm.dll+0x6d104a]  (no source info available)
V  [jvm.dll+0x35b3ea]  (no source info available)
V  [jvm.dll+0x3637f6]  (no source info available)
V  [jvm.dll+0x34fd5e]  (no source info available)
V  [jvm.dll+0x34fff8]  (no source info available)
V  [jvm.dll+0x3289cc]  (no source info available)
V  [jvm.dll+0x32966e]  (no source info available)
V  [jvm.dll+0x844355]  (no source info available)
V  [jvm.dll+0x3b9848]  (no source info available)
V  [jvm.dll+0x82d14c]  (no source info available)
V  [jvm.dll+0x454d4e]  (no source info available)
V  [jvm.dll+0x456bd1]  (no source info available)
C  [jli.dll+0x52a3]  (no source info available)
C  [ucrtbase.dll+0x14ea0]  (no source info available)
C  [KERNEL32.DLL+0x2e8d7]  (no source info available)
C  [ntdll.dll+0xdfbcc]  (no source info available)

Lock stack of current Java thread (top to bottom):


---------------  P R O C E S S  ---------------

Threads class SMR info:
_java_thread_list=0x00007ffce13c3618, length=0, elements={
}

Java Threads: ( => current thread )
Total: 0

Other Threads:
  0x00000255a8159930 WorkerThread "GC Thread#0"                     [id=19688, stack(0x0000007bbf700000,0x0000007bbf800000) (1024K)]
  0x00000255a816bc50 ConcurrentGCThread "G1 Main Marker"            [id=23384, stack(0x0000007bbf800000,0x0000007bbf900000) (1024K)]
  0x00000255a816cf00 WorkerThread "G1 Conc#0"                       [id=18160, stack(0x0000007bbf900000,0x0000007bbfa00000) (1024K)]

[error occurred during error reporting (printing all threads), id 0xc0000005, EXCEPTION_ACCESS_VIOLATION (0xc0000005) at pc=0x00007ffce0b0bfba]
VM state: not at safepoint (not fully initialized)

VM Mutex/Monitor currently owned by a thread:  ([mutex/lock_event])
[0x00007ffce1443a10] Heap_lock - owner thread: 0x00000255a5d9d0c0

Heap address: 0x0000000741e00000, size: 3042 MB, Compressed Oops mode: Zero based, Oop shift amount: 3

CDS archive(s) mapped at: [0x0000000000000000-0x0000000000000000-0x0000000000000000), size 0, SharedBaseAddress: 0x0000000800000000, ArchiveRelocationMode: 1.
Narrow klass base: 0x0000000000000000, Narrow klass shift: 0, Narrow klass range: 0x0

GC Precious Log:
 CardTable entry size: 512
 Card Set container configuration: InlinePtr #cards 4 size 8 Array Of Cards #cards 16 size 48 Howl #buckets 8 coarsen threshold 3686 Howl Bitmap #cards 512 size 80 coarsen threshold 460 Card regions per heap region 1 cards per card region 4096

Heap:
 garbage-first heap   total reserved 3115008K, committed 0K, used 0K [0x0000000741e00000, 0x0000000800000000)
  region size 2048K, 0 young (0K), 0 survivors (0K)

[error occurred during error reporting (printing heap information), id 0xc0000005, EXCEPTION_ACCESS_VIOLATION (0xc0000005) at pc=0x00007ffce0f0c3c9]
GC Heap History (0 events):
No events

Dll operation events (1 events):
Event: 0.010 Loaded shared library C:\Program Files\Java\jdk-23\bin\java.dll

Deoptimization events (0 events):
No events

Classes loaded (0 events):
No events

Classes unloaded (0 events):
No events

Classes redefined (0 events):
No events

Internal exceptions (0 events):
No events

VM Operations (0 events):
No events

Memory protections (0 events):
No events

Nmethod flushes (0 events):
No events

Events (0 events):
No events


Dynamic libraries:
0x00007ff7c9880000 - 0x00007ff7c9890000 	C:\Program Files\Java\jdk-23\bin\java.exe
0x00007ffd64000000 - 0x00007ffd64263000 	C:\WINDOWS\SYSTEM32\ntdll.dll
0x00007ffd62700000 - 0x00007ffd627c8000 	C:\WINDOWS\System32\KERNEL32.DLL
0x00007ffd61580000 - 0x00007ffd61932000 	C:\WINDOWS\System32\KERNELBASE.dll
0x00007ffd61bd0000 - 0x00007ffd61d1b000 	C:\WINDOWS\System32\ucrtbase.dll
0x00007ffd59e50000 - 0x00007ffd59e67000 	C:\Program Files\Java\jdk-23\bin\jli.dll
0x00007ffd59610000 - 0x00007ffd5962b000 	C:\Program Files\Java\jdk-23\bin\VCRUNTIME140.dll
0x00007ffd63de0000 - 0x00007ffd63fa8000 	C:\WINDOWS\System32\USER32.dll
0x00007ffd2d5e0000 - 0x00007ffd2d870000 	C:\WINDOWS\WinSxS\amd64_microsoft.windows.common-controls_6595b64144ccf1df_6.0.26100.2454_none_3e0b68a2e331ad60\COMCTL32.dll
0x00007ffd61550000 - 0x00007ffd61577000 	C:\WINDOWS\System32\win32u.dll
0x00007ffd62b50000 - 0x00007ffd62bf9000 	C:\WINDOWS\System32\msvcrt.dll
0x00007ffd62b20000 - 0x00007ffd62b4a000 	C:\WINDOWS\System32\GDI32.dll
0x00007ffd61940000 - 0x00007ffd61a6b000 	C:\WINDOWS\System32\gdi32full.dll
0x00007ffd61db0000 - 0x00007ffd61e53000 	C:\WINDOWS\System32\msvcp_win.dll
0x00007ffd63da0000 - 0x00007ffd63dcf000 	C:\WINDOWS\System32\IMM32.DLL
0x00007ffd59600000 - 0x00007ffd5960c000 	C:\Program Files\Java\jdk-23\bin\vcruntime140_1.dll
0x00007ffd0f5b0000 - 0x00007ffd0f63e000 	C:\Program Files\Java\jdk-23\bin\msvcp140.dll
0x00007ffce07d0000 - 0x00007ffce151f000 	C:\Program Files\Java\jdk-23\bin\server\jvm.dll
0x00007ffd63220000 - 0x00007ffd632d4000 	C:\WINDOWS\System32\ADVAPI32.dll
0x00007ffd62880000 - 0x00007ffd62926000 	C:\WINDOWS\System32\sechost.dll
0x00007ffd63ad0000 - 0x00007ffd63be6000 	C:\WINDOWS\System32\RPCRT4.dll
0x00007ffd62aa0000 - 0x00007ffd62b14000 	C:\WINDOWS\System32\WS2_32.dll
0x00007ffd61260000 - 0x00007ffd612ae000 	C:\WINDOWS\SYSTEM32\POWRPROF.dll
0x00007ffd34320000 - 0x00007ffd34356000 	C:\WINDOWS\SYSTEM32\WINMM.dll
0x00007ffd53b90000 - 0x00007ffd53b9b000 	C:\WINDOWS\SYSTEM32\VERSION.dll
0x00007ffd61240000 - 0x00007ffd61254000 	C:\WINDOWS\SYSTEM32\UMPDC.dll
0x00007ffd60210000 - 0x00007ffd6022a000 	C:\WINDOWS\SYSTEM32\kernel.appcore.dll
0x00007ffd47450000 - 0x00007ffd4745a000 	C:\Program Files\Java\jdk-23\bin\jimage.dll
0x00007ffd5ed40000 - 0x00007ffd5ef81000 	C:\WINDOWS\SYSTEM32\DBGHELP.DLL
0x00007ffd62e90000 - 0x00007ffd6320e000 	C:\WINDOWS\System32\combase.dll
0x00007ffd639f0000 - 0x00007ffd63ac6000 	C:\WINDOWS\System32\OLEAUT32.dll
0x00007ffd4ac40000 - 0x00007ffd4ac79000 	C:\WINDOWS\SYSTEM32\dbgcore.DLL
0x00007ffd61b30000 - 0x00007ffd61bc9000 	C:\WINDOWS\System32\bcryptPrimitives.dll
0x00007ffd44a60000 - 0x00007ffd44a7e000 	C:\Program Files\Java\jdk-23\bin\java.dll
0x00007ffd62c00000 - 0x00007ffd62d99000 	C:\WINDOWS\System32\ole32.dll
0x00007ffd61f70000 - 0x00007ffd62670000 	C:\WINDOWS\System32\SHELL32.dll

dbghelp: loaded successfully - version: 4.0.5 - missing functions: none
symbol engine: initialized successfully - sym options: 0x614 - pdb path: .;C:\Program Files\Java\jdk-23\bin;C:\WINDOWS\SYSTEM32;C:\WINDOWS\WinSxS\amd64_microsoft.windows.common-controls_6595b64144ccf1df_6.0.26100.2454_none_3e0b68a2e331ad60;C:\Program Files\Java\jdk-23\bin\server

VM Arguments:
jvm_args: -Dfile.encoding=UTF-8 --module-path=C:\Users\Dell\OneDrive\Documents\NetBeansProjects\UniversityManagementSystem\build\classes 
java_command: universitymanagementsystem.UpdateStudent
java_class_path (initial): C:\Users\Dell\OneDrive\Desktop\mysql-connector-j-9.1.0.jar;C:\Users\Dell\OneDrive\Desktop\jcalendar-tz-1.3.3-4.jar;C:\Users\Dell\OneDrive\Desktop\rs2xml.jar;C:\Users\Dell\OneDrive\Documents\NetBeansProjects\UniversityManagementSystem\build\classes
Launcher Type: SUN_STANDARD

[Global flags]
     intx CICompilerCount                          = 3                                         {product} {ergonomic}
     uint ConcGCThreads                            = 1                                         {product} {ergonomic}
     uint G1ConcRefinementThreads                  = 4                                         {product} {ergonomic}
   size_t G1HeapRegionSize                         = 2097152                                   {product} {ergonomic}
   size_t InitialHeapSize                          = 201326592                                 {product} {ergonomic}
   size_t MarkStackSize                            = 4194304                                   {product} {ergonomic}
   size_t MarkStackSizeMax                         = 536870912                                 {product} {ergonomic}
   size_t MaxHeapSize                              = 3189768192                                {product} {ergonomic}
   size_t MinHeapDeltaBytes                        = 2097152                                   {product} {ergonomic}
   size_t MinHeapSize                              = 8388608                                   {product} {ergonomic}
    uintx NonNMethodCodeHeapSize                   = 5832704                                {pd product} {ergonomic}
    uintx NonProfiledCodeHeapSize                  = 122945536                              {pd product} {ergonomic}
    uintx ProfiledCodeHeapSize                     = 122880000                              {pd product} {ergonomic}
    uintx ReservedCodeCacheSize                    = 251658240                              {pd product} {ergonomic}
     bool SegmentedCodeCache                       = true                                      {product} {ergonomic}
   size_t SoftMaxHeapSize                          = 3189768192                             {manageable} {ergonomic}
     bool UseCompressedOops                        = true                           {product lp64_product} {ergonomic}
     bool UseG1GC                                  = true                                      {product} {ergonomic}
     bool UseLargePagesIndividualAllocation        = false                                  {pd product} {ergonomic}

Logging:
Log output configuration:
 #0: stdout all=warning uptime,level,tags foldmultilines=false
 #1: stderr all=off uptime,level,tags foldmultilines=false

Environment Variables:
JAVA_HOME=C:\Program Files\Java\jdk-23
PATH=C:\Program Files\Common Files\Oracle\Java\javapath;C:\WINDOWS\system32;C:\WINDOWS;C:\WINDOWS\System32\Wbem;C:\WINDOWS\System32\WindowsPowerShell\v1.0\;C:\WINDOWS\System32\OpenSSH\;C:\Program Files\Java\jre-1.8\bin;C:\Program Files (x86)\Microsoft SQL Server\160\Tools\Binn\;C:\Program Files\Microsoft SQL Server\160\Tools\Binn\;C:\Program Files\Microsoft SQL Server\Client SDK\ODBC\170\Tools\Binn\;C:\Program Files\Microsoft SQL Server\160\DTS\Binn\;C:\Program Files (x86)\Microsoft SQL Server\160\DTS\Binn\;C:\Users\Dell\Downloads\apache-ant-1.10.14-bin.zip\apache-ant-1.10.14\bin;C:\Program Files\Microsoft SQL Server\150\Tools\Binn\;C:\Program Files\dotnet\;C:\Program Files (x86)\Windows Kits\10\Windows Performance Toolkit\;C:\Program Files\Java\jdk-23\bin;C:\Program Files\Java\jdk-23\bin;C:\Users\Dell\AppData\Local\Microsoft\WindowsApps;C:\Users\Dell\Downloads\apache-ant-1.10.14-bin.zip\apache-ant-1.10.14\bin;C:\Users\Dell\.dotnet\tools
USERNAME=Dell
OS=Windows_NT
PROCESSOR_IDENTIFIER=Intel64 Family 6 Model 142 Stepping 11, GenuineIntel
TMP=C:\Users\Dell\AppData\Local\Temp
TEMP=C:\Users\Dell\AppData\Local\Temp




Periodic native trim disabled

---------------  S Y S T E M  ---------------

OS:
 Windows 11 , 64 bit Build 26100 (10.0.26100.2454)
OS uptime: 4 days 22:26 hours

CPU: total 4 (initial active 4) (2 cores per cpu, 2 threads per core) family 6 model 142 stepping 11 microcode 0xf4, cx8, cmov, fxsr, ht, mmx, 3dnowpref, sse, sse2, sse3, ssse3, sse4.1, sse4.2, popcnt, lzcnt, tsc, tscinvbit, avx, avx2, aes, erms, clmul, bmi1, bmi2, adx, fma, vzeroupper, clflush, clflushopt, rdtscp, f16c
Processor Information for the first 4 processors :
  Max Mhz: 2304, Current Mhz: 2103, Mhz Limit: 2096

Memory: 4k page, system-wide physical 12165M (2223M free)
TotalPageFile size 27271M (AvailPageFile size 64M)
current process WorkingSet (physical memory assigned to process): 13M, peak: 13M
current process commit charge ("private bytes"): 52M, peak: 244M

vm_info: Java HotSpot(TM) 64-Bit Server VM (23.0.1+11-39) for windows-amd64 JRE (23.0.1+11-39), built on 2024-09-30T07:20:43Z with MS VC++ 17.6 (VS2022)

END.
